<html>
<body>
<pre>
<h1>µVision Build Log</h1>
<h2>Tool Versions:</h2>
IDE-Version: µVision V5.39.0.0
Copyright (C) 2023 ARM Ltd and ARM Germany GmbH. All rights reserved.
License Information: Tharnath Bagirathan, Utah, LIC=----
 
Tool Versions:
Toolchain:       MDK-Lite  Version: 5.39.0.0
Toolchain Path:  C:\Keil_v5\ARM\ARMCLANG\Bin
C Compiler:      ArmClang.exe V6.21
Assembler:       Armasm.exe V6.21
Linker/Locator:  ArmLink.exe V6.21
Library Manager: ArmAr.exe V6.21
Hex Converter:   FromElf.exe V6.21
CPU DLL:         SARMCM3.DLL V5.39.0.0
Dialog DLL:      DARMCM1.DLL V1.19.6.0
Target DLL:      STLink\ST-LINKIII-KEIL_SWO.dll V3.2.0.0
Dialog DLL:      TARMCM1.DLL V1.14.6.0
 
<h2>Project:</h2>
D:\GIT\StmPong\StmPong\MDK-ARM\StmPong.uvprojx
Project File Date:  03/24/2024

<h2>Output:</h2>
*** Using Compiler 'V6.21', folder: 'C:\Keil_v5\ARM\ARMCLANG\Bin'
Build target 'StmPong'
compiling fonts.c...
../Core/Src/ssd1306.c(52): error: call to undeclared function 'ssd1306_I2C_IsDeviceConnected'; ISO C99 and later do not support implicit function declarations [-Wimplicit-function-declaration]
   52 |         if (!ssd1306_I2C_IsDeviceConnected(SSD1306_I2C, SSD1306_I2C_ADDR)) {
      |              ^
1 error generated.
compiling ssd1306.c...
../Core/Src/ssd1306_i2c.c(38): error: call to undeclared function 'RCC_APB1PeriphClockCmd'; ISO C99 and later do not support implicit function declarations [-Wimplicit-function-declaration]
   38 |     RCC_APB1PeriphClockCmd(RCC_APB1Periph_I2C1, ENABLE);
      |     ^
../Core/Src/ssd1306_i2c.c(38): error: use of undeclared identifier 'RCC_APB1Periph_I2C1'; did you mean 'RCC_APB1PeriphClockCmd'?
   38 |     RCC_APB1PeriphClockCmd(RCC_APB1Periph_I2C1, ENABLE);
      |                            ^~~~~~~~~~~~~~~~~~~
      |                            RCC_APB1PeriphClockCmd
../Core/Src/ssd1306_i2c.c(38): note: 'RCC_APB1PeriphClockCmd' declared here
   38 |     RCC_APB1PeriphClockCmd(RCC_APB1Periph_I2C1, ENABLE);
      |     ^
../Core/Src/ssd1306_i2c.c(39): error: call to undeclared function 'RCC_APB2PeriphClockCmd'; ISO C99 and later do not support implicit function declarations [-Wimplicit-function-declaration]
   39 |     RCC_APB2PeriphClockCmd(RCC_APB2Periph_GPIOB, ENABLE);
      |     ^
../Core/Src/ssd1306_i2c.c(39): error: use of undeclared identifier 'RCC_APB2Periph_GPIOB'
   39 |     RCC_APB2PeriphClockCmd(RCC_APB2Periph_GPIOB, ENABLE);
      |                            ^
../Core/Src/ssd1306_i2c.c(41): error: no member named 'I2C_ClockSpeed' in 'I2C_InitTypeDef'
   41 |     i2c.I2C_ClockSpeed = 400000;
      |     ~~~ ^
../Core/Src/ssd1306_i2c.c(42): error: no member named 'I2C_Mode' in 'I2C_InitTypeDef'
   42 |     i2c.I2C_Mode = I2C_Mode_I2C;
      |     ~~~ ^
../Core/Src/ssd1306_i2c.c(42): error: use of undeclared identifier 'I2C_Mode_I2C'
   42 |     i2c.I2C_Mode = I2C_Mode_I2C;
      |                    ^
../Core/Src/ssd1306_i2c.c(43): error: no member named 'I2C_DutyCycle' in 'I2C_InitTypeDef'
   43 |     i2c.I2C_DutyCycle = I2C_DutyCycle_2;
      |     ~~~ ^
../Core/Src/ssd1306_i2c.c(43): error: use of undeclared identifier 'I2C_DutyCycle_2'
   43 |     i2c.I2C_DutyCycle = I2C_DutyCycle_2;
      |                         ^
../Core/Src/ssd1306_i2c.c(44): error: no member named 'I2C_OwnAddress1' in 'I2C_InitTypeDef'; did you mean 'OwnAddress1'?
   44 |     i2c.I2C_OwnAddress1 = 0x15;
      |         ^~~~~~~~~~~~~~~
      |         OwnAddress1
../Drivers/STM32F0xx_HAL_Driver/Inc\stm32f0xx_hal_i2c.h(53): note: 'OwnAddress1' declared here
   53 |   uint32_t OwnAddress1;         /*!< Specifies the first device own address.
      |            ^
../Core/Src/ssd1306_i2c.c(45): error: no member named 'I2C_Ack' in 'I2C_InitTypeDef'
   45 |     i2c.I2C_Ack = I2C_Ack_Disable;
      |     ~~~ ^
../Core/Src/ssd1306_i2c.c(45): error: use of undeclared identifier 'I2C_Ack_Disable'
   45 |     i2c.I2C_Ack = I2C_Ack_Disable;
      |                   ^
../Core/Src/ssd1306_i2c.c(46): error: no member named 'I2C_AcknowledgedAddress' in 'I2C_InitTypeDef'
   46 |     i2c.I2C_AcknowledgedAddress = I2C_AcknowledgedAddress_7bit;
      |     ~~~ ^
../Core/Src/ssd1306_i2c.c(46): error: use of undeclared identifier 'I2C_AcknowledgedAddress_7bit'
   46 |     i2c.I2C_AcknowledgedAddress = I2C_AcknowledgedAddress_7bit;
      |                                   ^
../Core/Src/ssd1306_i2c.c(47): error: call to undeclared function 'I2C_Init'; ISO C99 and later do not support implicit function declarations [-Wimplicit-function-declaration]
   47 |     I2C_Init(I2C1, &i2c);
      |     ^
../Core/Src/ssd1306_i2c.c(49): error: no member named 'GPIO_Pin' in 'GPIO_InitTypeDef'
   49 |     gpio.GPIO_Pin = GPIO_Pin_6 | GPIO_Pin_7;
      |     ~~~~ ^
../Core/Src/ssd1306_i2c.c(49): error: use of undeclared identifier 'GPIO_Pin_6'
   49 |     gpio.GPIO_Pin = GPIO_Pin_6 | GPIO_Pin_7;
      |                     ^
../Core/Src/ssd1306_i2c.c(49): error: use of undeclared identifier 'GPIO_Pin_7'
   49 |     gpio.GPIO_Pin = GPIO_Pin_6 | GPIO_Pin_7;
      |                                  ^
../Core/Src/ssd1306_i2c.c(50): error: no member named 'GPIO_Mode' in 'GPIO_InitTypeDef'
   50 |     gpio.GPIO_Mode = GPIO_Mode_AF_OD;
      |     ~~~~ ^
fatal error: too many errors emitted, stopping now [-ferror-limit=]
20 errors generated.
compiling ssd1306_i2c.c...
"StmPong\StmPong.axf" - 20 Error(s), 0 Warning(s).

<h2>Software Packages used:</h2>

Package Vendor: ARM
                http://www.keil.com/pack/ARM.CMSIS.5.9.0.pack
                ARM::CMSIS@5.9.0
                CMSIS (Common Microcontroller Software Interface Standard)
   * Component: CORE Version: 5.6.0

Package Vendor: Keil
                https://www.keil.com/pack/Keil.STM32F0xx_DFP.2.1.1.pack
                Keil::STM32F0xx_DFP@2.1.1
                STMicroelectronics STM32F0 Series Device Support, Drivers and Examples

<h2>Collection of Component include folders:</h2>
  ./RTE/_StmPong
  C:/Users/itsth/AppData/Local/Arm/Packs/ARM/CMSIS/5.9.0/CMSIS/Core/Include
  C:/Users/itsth/AppData/Local/Arm/Packs/Keil/STM32F0xx_DFP/2.1.1/Drivers/CMSIS/Device/ST/STM32F0xx/Include

<h2>Collection of Component Files used:</h2>

   * Component: ARM::CMSIS:CORE@5.6.0
      Include file:  CMSIS/Core/Include/tz_context.h
Target not created.
Build Time Elapsed:  00:00:00
</pre>
</body>
</html>
